<?xml version="1.0" encoding="UTF-8"?>
<coverage generated="1774020255305" clover="3.2.0">
  <project timestamp="1774020255305" name="All files">
    <metrics statements="79" coveredstatements="75" conditionals="71" coveredconditionals="67" methods="19" coveredmethods="18" elements="169" coveredelements="160" complexity="0" loc="79" ncloc="79" packages="8" files="9" classes="9"/>
    <package name="src">
      <metrics statements="27" coveredstatements="26" conditionals="12" coveredconditionals="12" methods="8" coveredmethods="7"/>
      <file name="App.tsx" path="/Users/ravinariya/Projects/master-react-app/src/App.tsx">
        <metrics statements="20" coveredstatements="19" conditionals="12" coveredconditionals="12" methods="8" coveredmethods="7"/>
        <line num="1" count="1" type="stmt"/>
        <line num="2" count="1" type="stmt"/>
        <line num="3" count="1" type="stmt"/>
        <line num="4" count="1" type="stmt"/>
        <line num="10" count="1" type="stmt"/>
        <line num="11" count="1" type="stmt"/>
        <line num="12" count="1" type="stmt"/>
        <line num="15" count="9" type="stmt"/>
        <line num="16" count="15" type="stmt"/>
        <line num="17" count="9" type="stmt"/>
        <line num="18" count="9" type="stmt"/>
        <line num="19" count="9" type="cond" truecount="2" falsecount="0"/>
        <line num="20" count="9" type="cond" truecount="2" falsecount="0"/>
        <line num="33" count="1" type="stmt"/>
        <line num="36" count="1" type="stmt"/>
        <line num="42" count="1" type="stmt"/>
        <line num="54" count="2" type="stmt"/>
        <line num="68" count="0" type="stmt"/>
        <line num="79" count="1" type="stmt"/>
        <line num="95" count="3" type="stmt"/>
      </file>
      <file name="i18n.ts" path="/Users/ravinariya/Projects/master-react-app/src/i18n.ts">
        <metrics statements="7" coveredstatements="7" conditionals="0" coveredconditionals="0" methods="0" coveredmethods="0"/>
        <line num="1" count="4" type="stmt"/>
        <line num="2" count="4" type="stmt"/>
        <line num="3" count="4" type="stmt"/>
        <line num="4" count="4" type="stmt"/>
        <line num="5" count="4" type="stmt"/>
        <line num="7" count="4" type="stmt"/>
        <line num="30" count="4" type="stmt"/>
      </file>
    </package>
    <package name="src.locales.en">
      <metrics statements="2" coveredstatements="2" conditionals="0" coveredconditionals="0" methods="0" coveredmethods="0"/>
      <file name="translation.ts" path="/Users/ravinariya/Projects/master-react-app/src/locales/en/translation.ts">
        <metrics statements="2" coveredstatements="2" conditionals="0" coveredconditionals="0" methods="0" coveredmethods="0"/>
        <line num="1" count="4" type="stmt"/>
        <line num="16" count="4" type="stmt"/>
      </file>
    </package>
    <package name="src.locales.hi">
      <metrics statements="2" coveredstatements="2" conditionals="0" coveredconditionals="0" methods="0" coveredmethods="0"/>
      <file name="translation.ts" path="/Users/ravinariya/Projects/master-react-app/src/locales/hi/translation.ts">
        <metrics statements="2" coveredstatements="2" conditionals="0" coveredconditionals="0" methods="0" coveredmethods="0"/>
        <line num="1" count="4" type="stmt"/>
        <line num="16" count="4" type="stmt"/>
      </file>
    </package>
    <package name="src.store">
      <metrics statements="6" coveredstatements="6" conditionals="0" coveredconditionals="0" methods="3" coveredmethods="3"/>
      <file name="sagas.ts" path="/Users/ravinariya/Projects/master-react-app/src/store/sagas.ts">
        <metrics statements="6" coveredstatements="6" conditionals="0" coveredconditionals="0" methods="3" coveredmethods="3"/>
        <line num="2" count="1" type="stmt"/>
        <line num="3" count="1" type="stmt"/>
        <line num="6" count="1" type="stmt"/>
        <line num="10" count="3" type="stmt"/>
        <line num="13" count="3" type="stmt"/>
        <line num="14" count="3" type="stmt"/>
      </file>
    </package>
    <package name="src.store.features">
      <metrics statements="10" coveredstatements="10" conditionals="0" coveredconditionals="0" methods="5" coveredmethods="5"/>
      <file name="counterSlice.ts" path="/Users/ravinariya/Projects/master-react-app/src/store/features/counterSlice.ts">
        <metrics statements="10" coveredstatements="10" conditionals="0" coveredconditionals="0" methods="5" coveredmethods="5"/>
        <line num="1" count="1" type="stmt"/>
        <line num="7" count="1" type="stmt"/>
        <line num="11" count="1" type="stmt"/>
        <line num="16" count="1" type="stmt"/>
        <line num="19" count="1" type="stmt"/>
        <line num="22" count="1" type="stmt"/>
        <line num="26" count="1" type="stmt"/>
        <line num="31" count="4" type="stmt"/>
        <line num="32" count="1" type="stmt"/>
        <line num="33" count="3" type="stmt"/>
      </file>
    </package>
    <package name="src.view.components.Button">
      <metrics statements="5" coveredstatements="5" conditionals="13" coveredconditionals="13" methods="1" coveredmethods="1"/>
      <file name="index.tsx" path="/Users/ravinariya/Projects/master-react-app/src/view/components/Button/index.tsx">
        <metrics statements="5" coveredstatements="5" conditionals="13" coveredconditionals="13" methods="1" coveredmethods="1"/>
        <line num="2" count="2" type="stmt"/>
        <line num="4" count="2" type="stmt"/>
        <line num="21" count="53" type="stmt"/>
        <line num="33" count="53" type="stmt"/>
        <line num="35" count="53" type="stmt"/>
      </file>
    </package>
    <package name="src.view.components.Icon">
      <metrics statements="7" coveredstatements="7" conditionals="3" coveredconditionals="2" methods="1" coveredmethods="1"/>
      <file name="index.tsx" path="/Users/ravinariya/Projects/master-react-app/src/view/components/Icon/index.tsx">
        <metrics statements="7" coveredstatements="7" conditionals="3" coveredconditionals="2" methods="1" coveredmethods="1"/>
        <line num="9" count="3" type="stmt"/>
        <line num="10" count="3" type="stmt"/>
        <line num="12" count="3" type="stmt"/>
        <line num="14" count="3" type="stmt"/>
        <line num="30" count="5" type="cond" truecount="1" falsecount="0"/>
        <line num="31" count="5" type="stmt"/>
        <line num="32" count="5" type="cond" truecount="1" falsecount="1"/>
      </file>
    </package>
    <package name="src.view.components.Text">
      <metrics statements="20" coveredstatements="17" conditionals="43" coveredconditionals="40" methods="1" coveredmethods="1"/>
      <file name="index.tsx" path="/Users/ravinariya/Projects/master-react-app/src/view/components/Text/index.tsx">
        <metrics statements="20" coveredstatements="17" conditionals="43" coveredconditionals="40" methods="1" coveredmethods="1"/>
        <line num="7" count="2" type="stmt"/>
        <line num="31" count="2" type="stmt"/>
        <line num="48" count="2" type="stmt"/>
        <line num="55" count="2" type="stmt"/>
        <line num="81" count="23" type="stmt"/>
        <line num="98" count="23" type="stmt"/>
        <line num="100" count="23" type="cond" truecount="2" falsecount="0"/>
        <line num="103" count="23" type="stmt"/>
        <line num="119" count="23" type="stmt"/>
        <line num="122" count="23" type="cond" truecount="4" falsecount="0"/>
        <line num="123" count="1" type="stmt"/>
        <line num="127" count="23" type="cond" truecount="1" falsecount="1"/>
        <line num="128" count="0" type="stmt"/>
        <line num="132" count="23" type="cond" truecount="3" falsecount="1"/>
        <line num="133" count="0" type="stmt"/>
        <line num="137" count="23" type="cond" truecount="4" falsecount="0"/>
        <line num="138" count="1" type="stmt"/>
        <line num="141" count="23" type="cond" truecount="1" falsecount="1"/>
        <line num="142" count="0" type="stmt"/>
        <line num="145" count="23" type="stmt"/>
      </file>
    </package>
  </project>
</coverage>
