{"/Users/ravinariya/Projects/master-react-app/src/App.tsx": {"path":"/Users/ravinariya/Projects/master-react-app/src/App.tsx","statementMap":{"0":{"start":{"line":95,"column":0},"end":{"line":95,"column":15}},"1":{"start":{"line":1,"column":25},"end":{"line":1,"column":null}},"2":{"start":{"line":2,"column":31},"end":{"line":2,"column":null}},"3":{"start":{"line":3,"column":41},"end":{"line":3,"column":null}},"4":{"start":{"line":4,"column":7},"end":{"line":4,"column":null}},"5":{"start":{"line":10,"column":7},"end":{"line":10,"column":null}},"6":{"start":{"line":11,"column":23},"end":{"line":11,"column":null}},"7":{"start":{"line":12,"column":21},"end":{"line":12,"column":null}},"8":{"start":{"line":15,"column":22},"end":{"line":15,"column":null}},"9":{"start":{"line":16,"column":16},"end":{"line":16,"column":null}},"10":{"start":{"line":16,"column":49},"end":{"line":16,"column":68}},"11":{"start":{"line":17,"column":19},"end":{"line":17,"column":null}},"12":{"start":{"line":18,"column":30},"end":{"line":18,"column":null}},"13":{"start":{"line":19,"column":23},"end":{"line":19,"column":null}},"14":{"start":{"line":20,"column":27},"end":{"line":20,"column":null}},"15":{"start":{"line":33,"column":73},"end":{"line":33,"column":null}},"16":{"start":{"line":36,"column":75},"end":{"line":36,"column":null}},"17":{"start":{"line":42,"column":31},"end":{"line":42,"column":null}},"18":{"start":{"line":54,"column":33},"end":{"line":54,"column":null}},"19":{"start":{"line":68,"column":20},"end":{"line":68,"column":null}},"20":{"start":{"line":79,"column":20},"end":{"line":79,"column":null}},"21":{"start":{"line":95,"column":15},"end":{"line":95,"column":null}}},"fnMap":{"0":{"name":"App","decl":{"start":{"line":14,"column":9},"end":{"line":14,"column":null}},"loc":{"start":{"line":14,"column":9},"end":{"line":93,"column":null}}},"1":{"name":"(anonymous_2)","decl":{"start":{"line":16,"column":28},"end":{"line":16,"column":29}},"loc":{"start":{"line":16,"column":49},"end":{"line":16,"column":68}}},"2":{"name":"(anonymous_3)","decl":{"start":{"line":33,"column":67},"end":{"line":33,"column":73}},"loc":{"start":{"line":33,"column":73},"end":{"line":33,"column":null}}},"3":{"name":"(anonymous_4)","decl":{"start":{"line":36,"column":69},"end":{"line":36,"column":75}},"loc":{"start":{"line":36,"column":75},"end":{"line":36,"column":null}}},"4":{"name":"(anonymous_5)","decl":{"start":{"line":42,"column":25},"end":{"line":42,"column":31}},"loc":{"start":{"line":42,"column":31},"end":{"line":42,"column":null}}},"5":{"name":"(anonymous_6)","decl":{"start":{"line":54,"column":26},"end":{"line":54,"column":27}},"loc":{"start":{"line":54,"column":33},"end":{"line":54,"column":null}}},"6":{"name":"(anonymous_7)","decl":{"start":{"line":67,"column":27},"end":{"line":67,"column":null}},"loc":{"start":{"line":67,"column":27},"end":{"line":69,"column":null}}},"7":{"name":"(anonymous_8)","decl":{"start":{"line":78,"column":27},"end":{"line":78,"column":null}},"loc":{"start":{"line":78,"column":27},"end":{"line":80,"column":null}}}},"branchMap":{"0":{"loc":{"start":{"line":19,"column":23},"end":{"line":19,"column":null}},"type":"binary-expr","locations":[{"start":{"line":19,"column":23},"end":{"line":19,"column":41}},{"start":{"line":19,"column":41},"end":{"line":19,"column":null}}]},"1":{"loc":{"start":{"line":20,"column":27},"end":{"line":20,"column":null}},"type":"cond-expr","locations":[{"start":{"line":20,"column":69},"end":{"line":20,"column":76}},{"start":{"line":20,"column":76},"end":{"line":20,"column":null}}]},"2":{"loc":{"start":{"line":64,"column":27},"end":{"line":64,"column":null}},"type":"cond-expr","locations":[{"start":{"line":64,"column":55},"end":{"line":64,"column":69}},{"start":{"line":64,"column":69},"end":{"line":64,"column":null}}]},"3":{"loc":{"start":{"line":65,"column":25},"end":{"line":65,"column":null}},"type":"cond-expr","locations":[{"start":{"line":65,"column":53},"end":{"line":65,"column":65}},{"start":{"line":65,"column":65},"end":{"line":65,"column":null}}]},"4":{"loc":{"start":{"line":75,"column":27},"end":{"line":75,"column":null}},"type":"cond-expr","locations":[{"start":{"line":75,"column":55},"end":{"line":75,"column":69}},{"start":{"line":75,"column":69},"end":{"line":75,"column":null}}]},"5":{"loc":{"start":{"line":76,"column":25},"end":{"line":76,"column":null}},"type":"cond-expr","locations":[{"start":{"line":76,"column":53},"end":{"line":76,"column":65}},{"start":{"line":76,"column":65},"end":{"line":76,"column":null}}]}},"s":{"0":3,"1":1,"2":1,"3":1,"4":1,"5":1,"6":1,"7":1,"8":9,"9":9,"10":15,"11":9,"12":9,"13":9,"14":9,"15":1,"16":1,"17":1,"18":2,"19":0,"20":1,"21":1},"f":{"0":9,"1":15,"2":1,"3":1,"4":1,"5":2,"6":0,"7":1},"b":{"0":[9,1],"1":[1,8],"2":[8,1],"3":[8,1],"4":[1,8],"5":[1,8]}}
,"/Users/ravinariya/Projects/master-react-app/src/i18n.ts": {"path":"/Users/ravinariya/Projects/master-react-app/src/i18n.ts","statementMap":{"0":{"start":{"line":30,"column":0},"end":{"line":30,"column":15}},"1":{"start":{"line":1,"column":17},"end":{"line":1,"column":null}},"2":{"start":{"line":2,"column":29},"end":{"line":2,"column":null}},"3":{"start":{"line":3,"column":33},"end":{"line":3,"column":null}},"4":{"start":{"line":4,"column":26},"end":{"line":4,"column":null}},"5":{"start":{"line":5,"column":26},"end":{"line":5,"column":null}},"6":{"start":{"line":7,"column":0},"end":{"line":28,"column":null}},"7":{"start":{"line":30,"column":15},"end":{"line":30,"column":19}}},"fnMap":{},"branchMap":{},"s":{"0":3,"1":4,"2":4,"3":4,"4":4,"5":4,"6":4,"7":4},"f":{},"b":{}}
,"/Users/ravinariya/Projects/master-react-app/src/locales/en/translation.ts": {"path":"/Users/ravinariya/Projects/master-react-app/src/locales/en/translation.ts","statementMap":{"0":{"start":{"line":16,"column":0},"end":{"line":16,"column":15}},"1":{"start":{"line":1,"column":22},"end":{"line":14,"column":null}},"2":{"start":{"line":16,"column":15},"end":{"line":16,"column":null}}},"fnMap":{},"branchMap":{},"s":{"0":4,"1":4,"2":4},"f":{},"b":{}}
,"/Users/ravinariya/Projects/master-react-app/src/locales/hi/translation.ts": {"path":"/Users/ravinariya/Projects/master-react-app/src/locales/hi/translation.ts","statementMap":{"0":{"start":{"line":16,"column":0},"end":{"line":16,"column":15}},"1":{"start":{"line":1,"column":22},"end":{"line":14,"column":null}},"2":{"start":{"line":16,"column":15},"end":{"line":16,"column":null}}},"fnMap":{},"branchMap":{},"s":{"0":4,"1":4,"2":4},"f":{},"b":{}}
,"/Users/ravinariya/Projects/master-react-app/src/store/sagas.ts": {"path":"/Users/ravinariya/Projects/master-react-app/src/store/sagas.ts","statementMap":{"0":{"start":{"line":13,"column":25},"end":{"line":13,"column":null}},"1":{"start":{"line":2,"column":37},"end":{"line":2,"column":null}},"2":{"start":{"line":3,"column":55},"end":{"line":3,"column":null}},"3":{"start":{"line":6,"column":2},"end":{"line":6,"column":null}},"4":{"start":{"line":10,"column":2},"end":{"line":10,"column":null}},"5":{"start":{"line":14,"column":2},"end":{"line":14,"column":null}}},"fnMap":{"0":{"name":"incrementByXWorker","decl":{"start":{"line":5,"column":10},"end":{"line":5,"column":29}},"loc":{"start":{"line":5,"column":58},"end":{"line":7,"column":null}}},"1":{"name":"watchIncrementByX","decl":{"start":{"line":9,"column":10},"end":{"line":9,"column":null}},"loc":{"start":{"line":9,"column":10},"end":{"line":11,"column":null}}},"2":{"name":"rootSaga","decl":{"start":{"line":13,"column":25},"end":{"line":13,"column":null}},"loc":{"start":{"line":13,"column":25},"end":{"line":15,"column":null}}}},"branchMap":{},"s":{"0":3,"1":1,"2":1,"3":1,"4":3,"5":3},"f":{"0":1,"1":3,"2":3},"b":{}}
,"/Users/ravinariya/Projects/master-react-app/src/store/features/counterSlice.ts": {"path":"/Users/ravinariya/Projects/master-react-app/src/store/features/counterSlice.ts","statementMap":{"0":{"start":{"line":31,"column":26},"end":{"line":31,"column":35}},"1":{"start":{"line":33,"column":0},"end":{"line":33,"column":15}},"2":{"start":{"line":31,"column":15},"end":{"line":31,"column":24}},"3":{"start":{"line":31,"column":37},"end":{"line":31,"column":54}},"4":{"start":{"line":31,"column":56},"end":{"line":31,"column":75}},"5":{"start":{"line":1,"column":48},"end":{"line":1,"column":null}},"6":{"start":{"line":7,"column":35},"end":{"line":9,"column":null}},"7":{"start":{"line":11,"column":21},"end":{"line":29,"column":null}},"8":{"start":{"line":16,"column":6},"end":{"line":16,"column":null}},"9":{"start":{"line":19,"column":6},"end":{"line":19,"column":null}},"10":{"start":{"line":22,"column":6},"end":{"line":22,"column":null}},"11":{"start":{"line":26,"column":36},"end":{"line":26,"column":null}},"12":{"start":{"line":32,"column":2},"end":{"line":32,"column":22}},"13":{"start":{"line":33,"column":15},"end":{"line":33,"column":35}}},"fnMap":{"0":{"name":"(anonymous_6)","decl":{"start":{"line":15,"column":15},"end":{"line":15,"column":16}},"loc":{"start":{"line":15,"column":16},"end":{"line":17,"column":null}}},"1":{"name":"(anonymous_7)","decl":{"start":{"line":18,"column":15},"end":{"line":18,"column":16}},"loc":{"start":{"line":18,"column":16},"end":{"line":20,"column":null}}},"2":{"name":"(anonymous_8)","decl":{"start":{"line":21,"column":23},"end":{"line":21,"column":24}},"loc":{"start":{"line":21,"column":31},"end":{"line":23,"column":null}}},"3":{"name":"(anonymous_9)","decl":{"start":{"line":25,"column":15},"end":{"line":25,"column":22}},"loc":{"start":{"line":25,"column":15},"end":{"line":25,"column":null}}},"4":{"name":"(anonymous_10)","decl":{"start":{"line":26,"column":15},"end":{"line":26,"column":16}},"loc":{"start":{"line":26,"column":36},"end":{"line":26,"column":null}}}},"branchMap":{},"s":{"0":1,"1":3,"2":1,"3":1,"4":4,"5":1,"6":1,"7":1,"8":1,"9":1,"10":1,"11":1,"12":1,"13":1},"f":{"0":1,"1":1,"2":1,"3":1,"4":1},"b":{}}
,"/Users/ravinariya/Projects/master-react-app/src/view/components/Button/index.tsx": {"path":"/Users/ravinariya/Projects/master-react-app/src/view/components/Button/index.tsx","statementMap":{"0":{"start":{"line":21,"column":16},"end":{"line":21,"column":23}},"1":{"start":{"line":2,"column":21},"end":{"line":2,"column":null}},"2":{"start":{"line":4,"column":7},"end":{"line":4,"column":null}},"3":{"start":{"line":33,"column":6},"end":{"line":33,"column":null}},"4":{"start":{"line":35,"column":14},"end":{"line":42,"column":null}}},"fnMap":{"0":{"name":"Button","decl":{"start":{"line":21,"column":16},"end":{"line":21,"column":23}},"loc":{"start":{"line":21,"column":41},"end":{"line":59,"column":null}}}},"branchMap":{"0":{"loc":{"start":{"line":23,"column":4},"end":{"line":23,"column":25}},"type":"default-arg","locations":[{"start":{"line":23,"column":14},"end":{"line":23,"column":25}}]},"1":{"loc":{"start":{"line":24,"column":4},"end":{"line":24,"column":21}},"type":"default-arg","locations":[{"start":{"line":24,"column":12},"end":{"line":24,"column":21}}]},"2":{"loc":{"start":{"line":25,"column":4},"end":{"line":25,"column":19}},"type":"default-arg","locations":[{"start":{"line":25,"column":11},"end":{"line":25,"column":19}}]},"3":{"loc":{"start":{"line":26,"column":4},"end":{"line":26,"column":21}},"type":"default-arg","locations":[{"start":{"line":26,"column":16},"end":{"line":26,"column":21}}]},"4":{"loc":{"start":{"line":31,"column":4},"end":{"line":31,"column":19}},"type":"default-arg","locations":[{"start":{"line":31,"column":11},"end":{"line":31,"column":19}}]},"5":{"loc":{"start":{"line":40,"column":4},"end":{"line":40,"column":null}},"type":"binary-expr","locations":[{"start":{"line":40,"column":4},"end":{"line":40,"column":17}},{"start":{"line":40,"column":17},"end":{"line":40,"column":null}}]},"6":{"loc":{"start":{"line":46,"column":7},"end":{"line":50,"column":null}},"type":"cond-expr","locations":[{"start":{"line":47,"column":8},"end":{"line":50,"column":null}},{"start":{"line":50,"column":10},"end":{"line":50,"column":null}}]},"7":{"loc":{"start":{"line":51,"column":7},"end":{"line":51,"column":null}},"type":"cond-expr","locations":[{"start":{"line":51,"column":18},"end":{"line":51,"column":null}},{"start":{"line":51,"column":70},"end":{"line":51,"column":null}}]},"8":{"loc":{"start":{"line":52,"column":7},"end":{"line":56,"column":null}},"type":"cond-expr","locations":[{"start":{"line":53,"column":8},"end":{"line":56,"column":null}},{"start":{"line":56,"column":10},"end":{"line":56,"column":null}}]}},"s":{"0":53,"1":2,"2":2,"3":53,"4":53},"f":{"0":53},"b":{"0":[6],"1":[7],"2":[34],"3":[52],"4":[52],"5":[53,1],"6":[2,51],"7":[52,1],"8":[1,52]}}
,"/Users/ravinariya/Projects/master-react-app/src/view/components/Icon/index.tsx": {"path":"/Users/ravinariya/Projects/master-react-app/src/view/components/Icon/index.tsx","statementMap":{"0":{"start":{"line":30,"column":16},"end":{"line":30,"column":21}},"1":{"start":{"line":9,"column":7},"end":{"line":9,"column":null}},"2":{"start":{"line":10,"column":32},"end":{"line":10,"column":null}},"3":{"start":{"line":12,"column":7},"end":{"line":12,"column":null}},"4":{"start":{"line":14,"column":22},"end":{"line":21,"column":null}},"5":{"start":{"line":31,"column":14},"end":{"line":31,"column":null}},"6":{"start":{"line":32,"column":23},"end":{"line":32,"column":null}}},"fnMap":{"0":{"name":"Icon","decl":{"start":{"line":30,"column":16},"end":{"line":30,"column":21}},"loc":{"start":{"line":30,"column":97},"end":{"line":35,"column":null}}}},"branchMap":{"0":{"loc":{"start":{"line":30,"column":44},"end":{"line":30,"column":75}},"type":"default-arg","locations":[{"start":{"line":30,"column":59},"end":{"line":30,"column":75}}]},"1":{"loc":{"start":{"line":32,"column":23},"end":{"line":32,"column":null}},"type":"binary-expr","locations":[{"start":{"line":32,"column":23},"end":{"line":32,"column":46}},{"start":{"line":32,"column":50},"end":{"line":32,"column":null}}]}},"s":{"0":5,"1":3,"2":3,"3":3,"4":3,"5":5,"6":5},"f":{"0":5},"b":{"0":[5],"1":[5,0]}}
,"/Users/ravinariya/Projects/master-react-app/src/view/components/Text/index.tsx": {"path":"/Users/ravinariya/Projects/master-react-app/src/view/components/Text/index.tsx","statementMap":{"0":{"start":{"line":81,"column":16},"end":{"line":81,"column":50}},"1":{"start":{"line":7,"column":7},"end":{"line":7,"column":null}},"2":{"start":{"line":31,"column":54},"end":{"line":45,"column":null}},"3":{"start":{"line":48,"column":50},"end":{"line":52,"column":null}},"4":{"start":{"line":55,"column":57},"end":{"line":59,"column":null}},"5":{"start":{"line":98,"column":6},"end":{"line":98,"column":null}},"6":{"start":{"line":100,"column":21},"end":{"line":100,"column":47}},"7":{"start":{"line":103,"column":14},"end":{"line":115,"column":null}},"8":{"start":{"line":119,"column":47},"end":{"line":119,"column":null}},"9":{"start":{"line":122,"column":2},"end":{"line":124,"column":null}},"10":{"start":{"line":123,"column":4},"end":{"line":123,"column":null}},"11":{"start":{"line":127,"column":2},"end":{"line":129,"column":null}},"12":{"start":{"line":128,"column":4},"end":{"line":128,"column":null}},"13":{"start":{"line":132,"column":2},"end":{"line":134,"column":null}},"14":{"start":{"line":133,"column":4},"end":{"line":133,"column":null}},"15":{"start":{"line":137,"column":2},"end":{"line":139,"column":null}},"16":{"start":{"line":138,"column":4},"end":{"line":138,"column":null}},"17":{"start":{"line":141,"column":2},"end":{"line":143,"column":null}},"18":{"start":{"line":142,"column":4},"end":{"line":142,"column":null}},"19":{"start":{"line":145,"column":25},"end":{"line":145,"column":null}}},"fnMap":{"0":{"name":"Text","decl":{"start":{"line":81,"column":16},"end":{"line":81,"column":50}},"loc":{"start":{"line":81,"column":69},"end":{"line":156,"column":null}}}},"branchMap":{"0":{"loc":{"start":{"line":83,"column":4},"end":{"line":83,"column":21}},"type":"default-arg","locations":[{"start":{"line":83,"column":14},"end":{"line":83,"column":21}}]},"1":{"loc":{"start":{"line":86,"column":4},"end":{"line":86,"column":21}},"type":"default-arg","locations":[{"start":{"line":86,"column":12},"end":{"line":86,"column":21}}]},"2":{"loc":{"start":{"line":88,"column":4},"end":{"line":88,"column":21}},"type":"default-arg","locations":[{"start":{"line":88,"column":12},"end":{"line":88,"column":21}}]},"3":{"loc":{"start":{"line":91,"column":4},"end":{"line":91,"column":18}},"type":"default-arg","locations":[{"start":{"line":91,"column":13},"end":{"line":91,"column":18}}]},"4":{"loc":{"start":{"line":92,"column":4},"end":{"line":92,"column":20}},"type":"default-arg","locations":[{"start":{"line":92,"column":15},"end":{"line":92,"column":20}}]},"5":{"loc":{"start":{"line":94,"column":4},"end":{"line":94,"column":24}},"type":"default-arg","locations":[{"start":{"line":94,"column":19},"end":{"line":94,"column":24}}]},"6":{"loc":{"start":{"line":100,"column":21},"end":{"line":100,"column":47}},"type":"binary-expr","locations":[{"start":{"line":100,"column":21},"end":{"line":100,"column":27}},{"start":{"line":100,"column":27},"end":{"line":100,"column":47}}]},"7":{"loc":{"start":{"line":106,"column":4},"end":{"line":106,"column":60}},"type":"binary-expr","locations":[{"start":{"line":106,"column":4},"end":{"line":106,"column":43}},{"start":{"line":106,"column":43},"end":{"line":106,"column":60}}]},"8":{"loc":{"start":{"line":107,"column":4},"end":{"line":107,"column":67}},"type":"binary-expr","locations":[{"start":{"line":107,"column":4},"end":{"line":107,"column":43}},{"start":{"line":107,"column":43},"end":{"line":107,"column":67}}]},"9":{"loc":{"start":{"line":108,"column":4},"end":{"line":108,"column":65}},"type":"binary-expr","locations":[{"start":{"line":108,"column":4},"end":{"line":108,"column":43}},{"start":{"line":108,"column":43},"end":{"line":108,"column":65}}]},"10":{"loc":{"start":{"line":109,"column":4},"end":{"line":109,"column":77}},"type":"binary-expr","locations":[{"start":{"line":109,"column":4},"end":{"line":109,"column":43}},{"start":{"line":109,"column":43},"end":{"line":109,"column":77}}]},"11":{"loc":{"start":{"line":110,"column":4},"end":{"line":110,"column":null}},"type":"binary-expr","locations":[{"start":{"line":110,"column":4},"end":{"line":110,"column":43}},{"start":{"line":110,"column":43},"end":{"line":110,"column":null}}]},"12":{"loc":{"start":{"line":111,"column":4},"end":{"line":111,"column":null}},"type":"binary-expr","locations":[{"start":{"line":111,"column":4},"end":{"line":111,"column":43}},{"start":{"line":111,"column":43},"end":{"line":111,"column":null}}]},"13":{"loc":{"start":{"line":112,"column":4},"end":{"line":112,"column":null}},"type":"binary-expr","locations":[{"start":{"line":112,"column":4},"end":{"line":112,"column":43}},{"start":{"line":112,"column":43},"end":{"line":112,"column":null}}]},"14":{"loc":{"start":{"line":113,"column":4},"end":{"line":113,"column":null}},"type":"binary-expr","locations":[{"start":{"line":113,"column":4},"end":{"line":113,"column":37}},{"start":{"line":113,"column":37},"end":{"line":113,"column":54}},{"start":{"line":113,"column":54},"end":{"line":113,"column":null}}]},"15":{"loc":{"start":{"line":122,"column":2},"end":{"line":124,"column":null}},"type":"if","locations":[{"start":{"line":122,"column":2},"end":{"line":124,"column":null}},{"start":{},"end":{}}]},"16":{"loc":{"start":{"line":122,"column":6},"end":{"line":122,"column":54}},"type":"binary-expr","locations":[{"start":{"line":122,"column":6},"end":{"line":122,"column":29}},{"start":{"line":122,"column":29},"end":{"line":122,"column":54}}]},"17":{"loc":{"start":{"line":127,"column":2},"end":{"line":129,"column":null}},"type":"if","locations":[{"start":{"line":127,"column":2},"end":{"line":129,"column":null}},{"start":{},"end":{}}]},"18":{"loc":{"start":{"line":132,"column":2},"end":{"line":134,"column":null}},"type":"if","locations":[{"start":{"line":132,"column":2},"end":{"line":134,"column":null}},{"start":{},"end":{}}]},"19":{"loc":{"start":{"line":132,"column":6},"end":{"line":132,"column":54}},"type":"binary-expr","locations":[{"start":{"line":132,"column":6},"end":{"line":132,"column":19}},{"start":{"line":132,"column":19},"end":{"line":132,"column":54}}]},"20":{"loc":{"start":{"line":137,"column":2},"end":{"line":139,"column":null}},"type":"if","locations":[{"start":{"line":137,"column":2},"end":{"line":139,"column":null}},{"start":{},"end":{}}]},"21":{"loc":{"start":{"line":137,"column":6},"end":{"line":137,"column":54}},"type":"binary-expr","locations":[{"start":{"line":137,"column":6},"end":{"line":137,"column":39}},{"start":{"line":137,"column":39},"end":{"line":137,"column":54}}]},"22":{"loc":{"start":{"line":141,"column":2},"end":{"line":143,"column":null}},"type":"if","locations":[{"start":{"line":141,"column":2},"end":{"line":143,"column":null}},{"start":{},"end":{}}]},"23":{"loc":{"start":{"line":150,"column":13},"end":{"line":150,"column":null}},"type":"cond-expr","locations":[{"start":{"line":150,"column":31},"end":{"line":150,"column":63}},{"start":{"line":150,"column":63},"end":{"line":150,"column":null}}]}},"s":{"0":23,"1":2,"2":2,"3":2,"4":2,"5":23,"6":23,"7":23,"8":23,"9":23,"10":1,"11":23,"12":0,"13":23,"14":0,"15":23,"16":1,"17":23,"18":0,"19":23},"f":{"0":23},"b":{"0":[12],"1":[21],"2":[13],"3":[22],"4":[22],"5":[13],"6":[23,22],"7":[23,1],"8":[23,2],"9":[23,10],"10":[23,1],"11":[23,1],"12":[23,1],"13":[23,10],"14":[23,1,1],"15":[1,22],"16":[23,2],"17":[0,23],"18":[0,23],"19":[23,1],"20":[1,22],"21":[23,1],"22":[0,23],"23":[2,21]}}
}
