TN:
SF:src/App.tsx
FN:14,App
FN:16,(anonymous_2)
FN:33,(anonymous_3)
FN:36,(anonymous_4)
FN:42,(anonymous_5)
FN:54,(anonymous_6)
FN:67,(anonymous_7)
FN:78,(anonymous_8)
FNF:8
FNH:7
FNDA:9,App
FNDA:15,(anonymous_2)
FNDA:1,(anonymous_3)
FNDA:1,(anonymous_4)
FNDA:1,(anonymous_5)
FNDA:2,(anonymous_6)
FNDA:0,(anonymous_7)
FNDA:1,(anonymous_8)
DA:1,1
DA:2,1
DA:3,1
DA:4,1
DA:10,1
DA:11,1
DA:12,1
DA:15,9
DA:16,15
DA:17,9
DA:18,9
DA:19,9
DA:20,9
DA:33,1
DA:36,1
DA:42,1
DA:54,2
DA:68,0
DA:79,1
DA:95,3
LF:20
LH:19
BRDA:19,0,0,9
BRDA:19,0,1,1
BRDA:20,1,0,1
BRDA:20,1,1,8
BRDA:64,2,0,8
BRDA:64,2,1,1
BRDA:65,3,0,8
BRDA:65,3,1,1
BRDA:75,4,0,1
BRDA:75,4,1,8
BRDA:76,5,0,1
BRDA:76,5,1,8
BRF:12
BRH:12
end_of_record
TN:
SF:src/i18n.ts
FNF:0
FNH:0
DA:1,4
DA:2,4
DA:3,4
DA:4,4
DA:5,4
DA:7,4
DA:30,4
LF:7
LH:7
BRF:0
BRH:0
end_of_record
TN:
SF:src/locales/en/translation.ts
FNF:0
FNH:0
DA:1,4
DA:16,4
LF:2
LH:2
BRF:0
BRH:0
end_of_record
TN:
SF:src/locales/hi/translation.ts
FNF:0
FNH:0
DA:1,4
DA:16,4
LF:2
LH:2
BRF:0
BRH:0
end_of_record
TN:
SF:src/store/sagas.ts
FN:5,incrementByXWorker
FN:9,watchIncrementByX
FN:13,rootSaga
FNF:3
FNH:3
FNDA:1,incrementByXWorker
FNDA:3,watchIncrementByX
FNDA:3,rootSaga
DA:2,1
DA:3,1
DA:6,1
DA:10,3
DA:13,3
DA:14,3
LF:6
LH:6
BRF:0
BRH:0
end_of_record
TN:
SF:src/store/features/counterSlice.ts
FN:15,(anonymous_6)
FN:18,(anonymous_7)
FN:21,(anonymous_8)
FN:25,(anonymous_9)
FN:26,(anonymous_10)
FNF:5
FNH:5
FNDA:1,(anonymous_6)
FNDA:1,(anonymous_7)
FNDA:1,(anonymous_8)
FNDA:1,(anonymous_9)
FNDA:1,(anonymous_10)
DA:1,1
DA:7,1
DA:11,1
DA:16,1
DA:19,1
DA:22,1
DA:26,1
DA:31,4
DA:32,1
DA:33,3
LF:10
LH:10
BRF:0
BRH:0
end_of_record
TN:
SF:src/view/components/Button/index.tsx
FN:21,Button
FNF:1
FNH:1
FNDA:53,Button
DA:2,2
DA:4,2
DA:21,53
DA:33,53
DA:35,53
LF:5
LH:5
BRDA:23,0,0,6
BRDA:24,1,0,7
BRDA:25,2,0,34
BRDA:26,3,0,52
BRDA:31,4,0,52
BRDA:40,5,0,53
BRDA:40,5,1,1
BRDA:46,6,0,2
BRDA:46,6,1,51
BRDA:51,7,0,52
BRDA:51,7,1,1
BRDA:52,8,0,1
BRDA:52,8,1,52
BRF:13
BRH:13
end_of_record
TN:
SF:src/view/components/Icon/index.tsx
FN:30,Icon
FNF:1
FNH:1
FNDA:5,Icon
DA:9,3
DA:10,3
DA:12,3
DA:14,3
DA:30,5
DA:31,5
DA:32,5
LF:7
LH:7
BRDA:30,0,0,5
BRDA:32,1,0,5
BRDA:32,1,1,0
BRF:3
BRH:2
end_of_record
TN:
SF:src/view/components/Text/index.tsx
FN:81,Text
FNF:1
FNH:1
FNDA:23,Text
DA:7,2
DA:31,2
DA:48,2
DA:55,2
DA:81,23
DA:98,23
DA:100,23
DA:103,23
DA:119,23
DA:122,23
DA:123,1
DA:127,23
DA:128,0
DA:132,23
DA:133,0
DA:137,23
DA:138,1
DA:141,23
DA:142,0
DA:145,23
LF:20
LH:17
BRDA:83,0,0,12
BRDA:86,1,0,21
BRDA:88,2,0,13
BRDA:91,3,0,22
BRDA:92,4,0,22
BRDA:94,5,0,13
BRDA:100,6,0,23
BRDA:100,6,1,22
BRDA:106,7,0,23
BRDA:106,7,1,1
BRDA:107,8,0,23
BRDA:107,8,1,2
BRDA:108,9,0,23
BRDA:108,9,1,10
BRDA:109,10,0,23
BRDA:109,10,1,1
BRDA:110,11,0,23
BRDA:110,11,1,1
BRDA:111,12,0,23
BRDA:111,12,1,1
BRDA:112,13,0,23
BRDA:112,13,1,10
BRDA:113,14,0,23
BRDA:113,14,1,1
BRDA:113,14,2,1
BRDA:122,15,0,1
BRDA:122,15,1,22
BRDA:122,16,0,23
BRDA:122,16,1,2
BRDA:127,17,0,0
BRDA:127,17,1,23
BRDA:132,18,0,0
BRDA:132,18,1,23
BRDA:132,19,0,23
BRDA:132,19,1,1
BRDA:137,20,0,1
BRDA:137,20,1,22
BRDA:137,21,0,23
BRDA:137,21,1,1
BRDA:141,22,0,0
BRDA:141,22,1,23
BRDA:150,23,0,2
BRDA:150,23,1,21
BRF:43
BRH:40
end_of_record
